
--- Module:   C:\qp_lab\qpc\src\qs\qs.c (C)
C:\qp_lab\qpc\src\qs\qs.c  437  note 9018: union '(unnamed)' declared [MISRA 2012 Rule 19.2, advisory]
--- Module Wrap-up

--- Module:   C:\qp_lab\qpc\src\qs\qs_64bit.c (C)
C:\qp_lab\qpc\src\qs\qs_64bit.c  56  info 713: implicit conversion (initialization) from 'unsigned int' to 'int_fast8_t' 
    (aka 'int')
C:\qp_lab\qpc\src\qs\qs_64bit.c  56  note 9034: cannot assign 'unsigned8' to different essential type 'signed32' 
    [MISRA 2012 Rule 10.3, required]
C:\qp_lab\qpc\src\qs\qs_64bit.c  56  info 737: loss of sign in promotion from 'int_fast8_t' (aka 'int') to 
    'unsigned int'
C:\qp_lab\qpc\src\qs\qs_64bit.c  56  note 9029: a signed value and an unsigned value cannot be used together as operands 
    to != [MISRA 2012 Rule 10.4, required]
C:\qp_lab\qpc\src\qs\qs_64bit.c  59  note 9044: function parameter 'd' modified [MISRA 2012 Rule 17.8, advisory]
C:\qp_lab\qpc\src\qs\qs_64bit.c  80  info 713: implicit conversion (initialization) from 'unsigned int' to 'int_fast8_t' 
    (aka 'int')
C:\qp_lab\qpc\src\qs\qs_64bit.c  80  note 9034: cannot assign 'unsigned8' to different essential type 'signed32' 
    [MISRA 2012 Rule 10.3, required]
C:\qp_lab\qpc\src\qs\qs_64bit.c  80  info 737: loss of sign in promotion from 'int_fast8_t' (aka 'int') to 
    'unsigned int'
C:\qp_lab\qpc\src\qs\qs_64bit.c  80  note 9029: a signed value and an unsigned value cannot be used together as operands 
    to != [MISRA 2012 Rule 10.4, required]
C:\qp_lab\qpc\src\qs\qs_64bit.c  81  note 9044: function parameter 'format' modified [MISRA 2012 Rule 17.8, advisory]
C:\qp_lab\qpc\src\qs\qs_64bit.c  83  note 9044: function parameter 'd' modified [MISRA 2012 Rule 17.8, advisory]
--- Module Wrap-up

--- Module:   C:\qp_lab\qpc\src\qs\qs_fp.c (C)
--- Module Wrap-up
C:\qp_lab\qpc\src\qs\qs_fp.c  97  info 754: local union member 'QS_f64_fmt_(uint8_t, float64_t)::U32Rep::u32' not 
    referenced

--- Module:   C:\qp_lab\qpc\src\qs\qs_rx.c (C)
C:\qp_lab\qpc\src\qs\qs_rx.c  868  warning 2445: cast from 'uint8_t *' (aka 'unsigned char *') to 'uint16_t *' 
    (aka 'unsigned short *') increases required alignment from 1 to 2
C:\qp_lab\qpc\src\qs_pkg.h  95  supplemental 893: expanded from macro 'QS_U16_PRE_'
C:\qp_lab\qpc\src\qs\qs_rx.c  871  warning 2445: cast from 'uint8_t *' (aka 'unsigned char *') to 'uint32_t *' 
    (aka 'unsigned long *') increases required alignment from 1 to 4
C:\qp_lab\qpc\src\qs_pkg.h  98  supplemental 893: expanded from macro 'QS_U32_PRE_'
C:\qp_lab\qpc\src\qs\qs_rx.c  903  warning 2445: cast from 'uint8_t *' (aka 'unsigned char *') to 'uint16_t *' 
    (aka 'unsigned short *') increases required alignment from 1 to 2
C:\qp_lab\qpc\src\qs\qs_rx.c  907  warning 2445: cast from 'uint8_t *' (aka 'unsigned char *') to 'uint32_t *' 
    (aka 'unsigned long *') increases required alignment from 1 to 4
C:\qp_lab\qpc\src\qs\qs_rx.c  1230  warning 2445: cast from 'uint8_t *' (aka 'unsigned char *') to 'uint16_t *' 
    (aka 'unsigned short *') increases required alignment from 1 to 2
C:\qp_lab\qpc\src\qs\qs_rx.c  1233  warning 2445: cast from 'uint8_t *' (aka 'unsigned char *') to 'uint32_t *' 
    (aka 'unsigned long *') increases required alignment from 1 to 4
C:\qp_lab\qpc\src\qs\qs_rx.c  224  note 9026: function-like macro, 'QS_RX_AT_', defined 
    [MISRA 2012 Directive 4.9, advisory]
C:\qp_lab\qpc\src\qs\qs_rx.c  227  note 9026: function-like macro, 'QS_RX_TRAN_', defined 
    [MISRA 2012 Directive 4.9, advisory]
C:\qp_lab\qpc\src\qs\qs_rx.c  137  note 9018: union 'Variant' declared [MISRA 2012 Rule 19.2, advisory]
C:\qp_lab\qpc\src\qs\qs_rx.c  254  note 9033: cannot cast 'unsigned16' to wider essential type 'unsigned32' 
    [MISRA 2012 Rule 10.8, required]
C:\qp_lab\qpc\src\qs\qs_rx.c  326  note 9016: performing pointer arithmetic via addition 
    [MISRA 2012 Rule 18.4, advisory]
C:\qp_lab\qpc\src\qs\qs_rx.c  224  supplemental 893: expanded from macro 'QS_RX_AT_'
C:\qp_lab\qpc\src\qs\qs_rx.c  561  note 9029: an unsigned value and a signed value cannot be used together as operands 
    to == [MISRA 2012 Rule 10.4, required]
C:\qp_lab\qpc\src\qs\qs_rx.c  668  note 9029: a signed value and an unsigned value cannot be used together as operands 
    to * [MISRA 2012 Rule 10.4, required]
C:\qp_lab\qpc\src\qs\qs_rx.c  725  note 9016: performing pointer arithmetic via addition 
    [MISRA 2012 Rule 18.4, advisory]
C:\qp_lab\qpc\src\qs\qs_rx.c  857  note 9016: performing pointer arithmetic via addition 
    [MISRA 2012 Rule 18.4, advisory]
C:\qp_lab\qpc\src\qs\qs_rx.c  856  note 9079: conversion from pointer to void to other pointer type 
    ('uint8_t *' (aka 'unsigned char *')) [MISRA 2012 Rule 11.5, advisory]
C:\qp_lab\qpc\src\qs\qs_rx.c  873  note 9085: statement or comment should appear in default case 
    [MISRA 2012 Rule 16.1, required], [MISRA 2012 Rule 16.4, required]
C:\qp_lab\qpc\src\qs\qs_rx.c  865  note 9016: performing pointer arithmetic via addition 
    [MISRA 2012 Rule 18.4, advisory]
C:\qp_lab\qpc\src\qs\qs_rx.c  868  note 9016: performing pointer arithmetic via addition 
    [MISRA 2012 Rule 18.4, advisory]
C:\qp_lab\qpc\src\qs\qs_rx.c  868  info 826: suspicious pointer-to-pointer conversion (area too small)
C:\qp_lab\qpc\src\qs\qs_rx.c  868  note 9087: cast from pointer to object type ('uint8_t *' (aka 'unsigned char *')) to 
    pointer to different object type ('uint16_t *' (aka 'unsigned short *')) [MISRA 2012 Rule 11.3, required]
C:\qp_lab\qpc\src\qs\qs_rx.c  871  note 9016: performing pointer arithmetic via addition 
    [MISRA 2012 Rule 18.4, advisory]
C:\qp_lab\qpc\src\qs\qs_rx.c  871  info 826: suspicious pointer-to-pointer conversion (area too small)
C:\qp_lab\qpc\src\qs\qs_rx.c  871  note 9087: cast from pointer to object type ('uint8_t *' (aka 'unsigned char *')) to 
    pointer to different object type ('uint32_t *' (aka 'unsigned long *')) [MISRA 2012 Rule 11.3, required]
C:\qp_lab\qpc\src\qs\qs_rx.c  896  note 9016: performing pointer arithmetic via addition 
    [MISRA 2012 Rule 18.4, advisory]
C:\qp_lab\qpc\src\qs\qs_rx.c  895  note 9079: conversion from pointer to void to other pointer type 
    ('uint8_t *' (aka 'unsigned char *')) [MISRA 2012 Rule 11.5, advisory]
C:\qp_lab\qpc\src\qs\qs_rx.c  909  note 9085: statement or comment should appear in default case 
    [MISRA 2012 Rule 16.1, required], [MISRA 2012 Rule 16.4, required]
C:\qp_lab\qpc\src\qs\qs_rx.c  900  note 9016: performing pointer arithmetic via addition 
    [MISRA 2012 Rule 18.4, advisory]
C:\qp_lab\qpc\src\qs\qs_rx.c  903  note 9016: performing pointer arithmetic via addition 
    [MISRA 2012 Rule 18.4, advisory]
C:\qp_lab\qpc\src\qs\qs_rx.c  903  info 826: suspicious pointer-to-pointer conversion (area too small)
C:\qp_lab\qpc\src\qs\qs_rx.c  903  note 9087: cast from pointer to object type ('uint8_t *' (aka 'unsigned char *')) to 
    pointer to different object type ('uint16_t *' (aka 'unsigned short *')) [MISRA 2012 Rule 11.3, required]
C:\qp_lab\qpc\src\qs\qs_rx.c  907  note 9016: performing pointer arithmetic via addition 
    [MISRA 2012 Rule 18.4, advisory]
C:\qp_lab\qpc\src\qs\qs_rx.c  907  info 826: suspicious pointer-to-pointer conversion (area too small)
C:\qp_lab\qpc\src\qs\qs_rx.c  907  note 9087: cast from pointer to object type ('uint8_t *' (aka 'unsigned char *')) to 
    pointer to different object type ('uint32_t *' (aka 'unsigned long *')) [MISRA 2012 Rule 11.3, required]
C:\qp_lab\qpc\src\qs\qs_rx.c  916  note 9030: cannot cast an unsigned value to an enum type 
    [MISRA 2012 Rule 10.5, advisory]
C:\qp_lab\qpc\src\qs\qs_rx.c  950  note 923: explicit cast from 'QSObj' (aka 'unsigned long') to 'void *' 
    [MISRA 2012 Rule 11.6, required]
C:\qp_lab\qpc\src\qs\qs_rx.c  956  note 9078: conversion between object pointer type 'QActive *' 
    (aka 'struct QActive *') and integer type 'QSObj' (aka 'unsigned long') [MISRA 2012 Rule 11.4, advisory]
C:\qp_lab\qpc\src\qs\qs_rx.c  957  note 9029: an unsigned value and a signed value cannot be used together as operands 
    to == [MISRA 2012 Rule 10.4, required]
C:\qp_lab\qpc\src\qs\qs_rx.c  963  note 9034: cannot assign 'enum (QSpyRxRecords)' to different essential type 
    'unsigned8' [MISRA 2012 Rule 10.3, required]
C:\qp_lab\qpc\src\qs\qs_rx.c  973  note 923: explicit cast from 'QSObj' (aka 'unsigned long') to 'void *' 
    [MISRA 2012 Rule 11.6, required]
C:\qp_lab\qpc\src\qs\qs_rx.c  974  note 923: explicit cast from 'QSObj' (aka 'unsigned long') to 'void *' 
    [MISRA 2012 Rule 11.6, required]
C:\qp_lab\qpc\src\qs\qs_rx.c  976  note 9030: cannot cast an unsigned value to an enum type 
    [MISRA 2012 Rule 10.5, advisory]
C:\qp_lab\qpc\src\qs\qs_rx.c  1021  note 9085: statement or comment should appear in default case 
    [MISRA 2012 Rule 16.1, required], [MISRA 2012 Rule 16.4, required]
C:\qp_lab\qpc\src\qs\qs_rx.c  994  note 9079: conversion from pointer to void to other pointer type ('QHsm *') 
    [MISRA 2012 Rule 11.5, advisory]
C:\qp_lab\qpc\src\qs\qs_rx.c  998  note 9079: conversion from pointer to void to other pointer type ('QMPool *') 
    [MISRA 2012 Rule 11.5, advisory]
C:\qp_lab\qpc\src\qs\qs_rx.c  1000  note 9079: conversion from pointer to void to other pointer type ('QMPool *') 
    [MISRA 2012 Rule 11.5, advisory]
C:\qp_lab\qpc\src\qs\qs_rx.c  1004  note 9079: conversion from pointer to void to other pointer type 
    ('QEQueue *' (aka 'struct QEQueue *')) [MISRA 2012 Rule 11.5, advisory]
C:\qp_lab\qpc\src\qs\qs_rx.c  1006  note 9079: conversion from pointer to void to other pointer type 
    ('QEQueue *' (aka 'struct QEQueue *')) [MISRA 2012 Rule 11.5, advisory]
C:\qp_lab\qpc\src\qs\qs_rx.c  1010  note 9079: conversion from pointer to void to other pointer type ('QTimeEvt *' 
    (aka 'struct QTimeEvt *')) [MISRA 2012 Rule 11.5, advisory]
C:\qp_lab\qpc\src\qs\qs_rx.c  1012  note 9079: conversion from pointer to void to other pointer type ('QTimeEvt *' 
    (aka 'struct QTimeEvt *')) [MISRA 2012 Rule 11.5, advisory]
C:\qp_lab\qpc\src\qs\qs_rx.c  1014  note 9079: conversion from pointer to void to other pointer type ('QTimeEvt *' 
    (aka 'struct QTimeEvt *')) [MISRA 2012 Rule 11.5, advisory]
C:\qp_lab\qpc\src\qs\qs_rx.c  1016  note 9079: conversion from pointer to void to other pointer type ('QTimeEvt *' 
    (aka 'struct QTimeEvt *')) [MISRA 2012 Rule 11.5, advisory]
C:\qp_lab\qpc\src\qs\qs_rx.c  1018  note 9079: conversion from pointer to void to other pointer type ('QTimeEvt *' 
    (aka 'struct QTimeEvt *')) [MISRA 2012 Rule 11.5, advisory]
C:\qp_lab\qpc\src\qs\qs_rx.c  1045  info 826: suspicious pointer-to-pointer conversion (area too small)
C:\qp_lab\qpc\include\qf.h  292  supplemental 893: expanded from macro 'QACTIVE_POST_X'
C:\qp_lab\qpc\src\qs\qs_rx.c  1045  note 9087: cast from pointer to object type ('const struct QHsmVtable *') to pointer 
    to different object type ('const QActiveVtable *') [MISRA 2012 Rule 11.3, required]
C:\qp_lab\qpc\include\qf.h  292  supplemental 893: expanded from macro 'QACTIVE_POST_X'
C:\qp_lab\qpc\src\qs\qs_rx.c  1063  note 9079: conversion from pointer to void to other pointer type ('QHsm *') 
    [MISRA 2012 Rule 11.5, advisory]
C:\qp_lab\qpc\src\qs\qs_rx.c  1063  note 9079: conversion from pointer to void to other pointer type ('QHsm *') 
    [MISRA 2012 Rule 11.5, advisory]
C:\qp_lab\qpc\src\qs\qs_rx.c  1080  note 9079: conversion from pointer to void to other pointer type ('QHsm *') 
    [MISRA 2012 Rule 11.5, advisory]
C:\qp_lab\qpc\src\qs\qs_rx.c  1080  note 9079: conversion from pointer to void to other pointer type ('QHsm *') 
    [MISRA 2012 Rule 11.5, advisory]
C:\qp_lab\qpc\src\qs\qs_rx.c  1080  note 9079: conversion from pointer to void to other pointer type ('QHsm *') 
    [MISRA 2012 Rule 11.5, advisory]
C:\qp_lab\qpc\src\qs\qs_rx.c  1091  info 826: suspicious pointer-to-pointer conversion (area too small)
C:\qp_lab\qpc\include\qf.h  292  supplemental 893: expanded from macro 'QACTIVE_POST_X'
C:\qp_lab\qpc\src\qs\qs_rx.c  1091  note 9087: cast from pointer to object type ('const struct QHsmVtable *') to pointer 
    to different object type ('const QActiveVtable *') [MISRA 2012 Rule 11.3, required]
C:\qp_lab\qpc\include\qf.h  292  supplemental 893: expanded from macro 'QACTIVE_POST_X'
C:\qp_lab\qpc\src\qs\qs_rx.c  1092  note 9079: conversion from pointer to void to other pointer type 
    ('QActive *' (aka 'struct QActive *')) [MISRA 2012 Rule 11.5, advisory]
C:\qp_lab\qpc\src\qs\qs_rx.c  1092  note 9079: conversion from pointer to void to other pointer type 
    ('QActive *' (aka 'struct QActive *')) [MISRA 2012 Rule 11.5, advisory]
C:\qp_lab\qpc\src\qs\qs_rx.c  1178  note 9085: statement or comment should appear in default case 
    [MISRA 2012 Rule 16.1, required], [MISRA 2012 Rule 16.4, required]
C:\qp_lab\qpc\src\qs\qs_rx.c  1224  note 9016: performing pointer arithmetic via addition 
    [MISRA 2012 Rule 18.4, advisory]
C:\qp_lab\qpc\src\qs\qs_rx.c  1223  note 9079: conversion from pointer to void to other pointer type 
    ('uint8_t *' (aka 'unsigned char *')) [MISRA 2012 Rule 11.5, advisory]
C:\qp_lab\qpc\src\qs\qs_rx.c  1230  info 826: suspicious pointer-to-pointer conversion (area too small)
C:\qp_lab\qpc\src\qs\qs_rx.c  1230  note 9087: cast from pointer to object type ('uint8_t *' (aka 'unsigned char *')) to 
    pointer to different object type ('uint16_t *' (aka 'unsigned short *')) [MISRA 2012 Rule 11.3, required]
C:\qp_lab\qpc\src\qs\qs_rx.c  1233  info 826: suspicious pointer-to-pointer conversion (area too small)
C:\qp_lab\qpc\src\qs\qs_rx.c  1233  note 9087: cast from pointer to object type ('uint8_t *' (aka 'unsigned char *')) to 
    pointer to different object type ('uint32_t *' (aka 'unsigned long *')) [MISRA 2012 Rule 11.3, required]
C:\qp_lab\qpc\src\qs\qs_rx.c  1267  note 9074: conversion between pointer to function type 'void (*)(void)' and 
    differing type 'QSFun' (aka 'unsigned long') [MISRA 2012 Rule 11.1, required]
C:\qp_lab\qpc\src\qs\qs_rx.c  1267  note 923: explicit cast from 'void (*const)(void)' to 'QSFun' (aka 'unsigned long') 
    [MISRA 2012 Rule 11.6, required]
C:\qp_lab\qpc\src\qs\qs_rx.c  1267  note 9078: conversion between object pointer type 'void (*const)(void)' and integer 
    type 'QSFun' (aka 'unsigned long') [MISRA 2012 Rule 11.4, advisory]
--- Module Wrap-up
C:\qp_lab\qpc\src\qs\qs_rx.c  122  note 9045: complete definition of '(anonymous)' is unnecessary in this translation 
    unit [MISRA 2012 Directive 4.8, advisory]
C:\qp_lab\qpc\src\qs\qs_rx.c  123  info 754: local struct member 'AFltVar::prio' not referenced
C:\qp_lab\qpc\src\qs\qs_rx.c  143  info 754: local union member 'Variant::aFlt' not referenced

--- Module:   C:\qp_lab\qpc\src\qs\qutest.c (C)
C:\qp_lab\qpc\src\qs\qutest.c  175  info 826: suspicious pointer-to-pointer conversion (area too small)
C:\qp_lab\qpc\src\qs\qutest.c  175  note 9087: cast from pointer to object type ('QHsm *') to pointer to different 
    object type ('const QActive *' (aka 'const struct QActive *')) [MISRA 2012 Rule 11.3, required]
C:\qp_lab\qpc\src\qs\qutest.c  175  info 826: suspicious pointer-to-pointer conversion (area too small)
C:\qp_lab\qpc\src\qs\qutest.c  175  note 9087: cast from pointer to object type ('QHsm *') to pointer to different 
    object type ('const QActive *' (aka 'const struct QActive *')) [MISRA 2012 Rule 11.3, required]
C:\qp_lab\qpc\src\qs\qutest.c  189  info 826: suspicious pointer-to-pointer conversion (area too small)
C:\qp_lab\qpc\src\qs\qutest.c  189  note 9087: cast from pointer to object type ('QHsm *') to pointer to different 
    object type ('const QActive *' (aka 'const struct QActive *')) [MISRA 2012 Rule 11.3, required]
C:\qp_lab\qpc\src\qs\qutest.c  189  info 826: suspicious pointer-to-pointer conversion (area too small)
C:\qp_lab\qpc\src\qs\qutest.c  189  note 9087: cast from pointer to object type ('QHsm *') to pointer to different 
    object type ('const QActive *' (aka 'const struct QActive *')) [MISRA 2012 Rule 11.3, required]
C:\qp_lab\qpc\src\qs\qutest.c  298  note 904: return statement before end of function 'QS_processTestEvts_' 
    [MISRA 2012 Rule 15.5, advisory]
C:\qp_lab\qpc\src\qs\qutest.c  345  note 9079: conversion from pointer to void to other pointer type ('QTimeEvt *' 
    (aka 'struct QTimeEvt *')) [MISRA 2012 Rule 11.5, advisory]
C:\qp_lab\qpc\src\qs\qutest.c  351  note 9079: conversion from pointer to void to other pointer type 
    ('QActive *' (aka 'struct QActive *')) [MISRA 2012 Rule 11.5, advisory]
C:\qp_lab\qpc\src\qs\qutest.c  399  note 9079: conversion from pointer to void to other pointer type ('QTimeEvt *' 
    (aka 'struct QTimeEvt *')) [MISRA 2012 Rule 11.5, advisory]
--- Module Wrap-up
C:\qp_lab\qpc\src\qs\qutest.c  139  info 818: parameter 'qSto' of function 'QActiveDummy_start_(QActive *const, 
    uint_fast8_t, const QEvt **const, uint_fast16_t, void *, uint_fast16_t, const void *const)' could be pointer to 
    const [MISRA 2012 Rule 8.13, advisory]
C:\qp_lab\qpc\src\qs\qutest.c  140  info 818: parameter 'stkSto' of function 'QActiveDummy_start_(QActive *const, 
    uint_fast8_t, const QEvt **const, uint_fast16_t, void *, uint_fast16_t, const void *const)' could be pointer to 
    const [MISRA 2012 Rule 8.13, advisory]
C:\qp_lab\qpc\src\qs\qutest.c  167  info 818: parameter 'me' of function 'QActiveDummy_init_(QHsm *const, const void 
    *const, const uint_fast8_t)' could be pointer to const [MISRA 2012 Rule 8.13, advisory]
C:\qp_lab\qpc\src\qs\qutest.c  182  info 818: parameter 'me' of function 'QActiveDummy_dispatch_(QHsm *const, const QEvt 
    *const, const uint_fast8_t)' could be pointer to const [MISRA 2012 Rule 8.13, advisory]
Count   Type    Number  Text

2       info    713     implicit conversion (__context__) from __type__ to __type__
2       info    737     loss of sign in promotion from __type__ to __type__
3       info    754     local __string__ member __symbol__ not referenced
4       info    818     parameter __symbol__ of function __symbol__ could be pointer to const
12      info    826     suspicious pointer-to-pointer conversion (area too small)
7       supplemental    893     expanded from macro
1       note    904     return statement before end of function __symbol__
4       note    923     explicit cast from __type__ to __type__
6       warning 2445    cast from __type__ to __type__ increases required alignment from __integer__ to __integer__
11      note    9016    performing pointer arithmetic via __addition/subtraction__
2       note    9018    union __symbol__ declared
2       note    9026    function-like macro, '__macro__', defined
5       note    9029    __essential-type__ value and __essential-type__ value cannot be used together as operands to __operator__
2       note    9030    cannot cast __essential-type__ value to __essential-type__ type
1       note    9033    cannot cast '__essential-type__' to __wider/different__ essential type '__essential-type__'
3       note    9034    cannot assign '__essential-type__' to __narrow/different__ essential type '__essential-type__'
3       note    9044    function parameter __symbol__ modified
1       note    9045    complete definition of __symbol__ is unnecessary in this translation unit
1       note    9074    conversion between pointer to function type __type__ and differing type __type__
2       note    9078    conversion between object pointer type __type__ and integer type __type__
23      note    9079    conversion from pointer to void to other pointer type (__type__)
4       note    9085    statement or comment should appear in default case
12      note    9087    cast from pointer to object type (__type__) to pointer to different object type (__type__)
