
--- Module:   C:\qp_lab\qpc\examples\arm-cm\dpp_ek-tm4c123gxl\philo.c (C)
C:\qp_lab\qpc\examples\arm-cm\dpp_ek-tm4c123gxl\philo.c  47  note 9026: function-like macro, 'THINK_TIME', defined 
    [MISRA 2012 Directive 4.9, advisory]
C:\qp_lab\qpc\examples\arm-cm\dpp_ek-tm4c123gxl\philo.c  51  note 9026: function-like macro, 'EAT_TIME', defined 
    [MISRA 2012 Directive 4.9, advisory]
C:\qp_lab\qpc\examples\arm-cm\dpp_ek-tm4c123gxl\philo.c  54  note 9026: function-like macro, 'PHILO_ID', defined 
    [MISRA 2012 Directive 4.9, advisory]
C:\qp_lab\qpc\examples\arm-cm\dpp_ek-tm4c123gxl\philo.c  86  note 9034: cannot assign 'enum (DPPSignals)' to different 
    essential type 'signed32' [MISRA 2012 Rule 10.3, required]
C:\qp_lab\qpc\examples\arm-cm\dpp_ek-tm4c123gxl\philo.c  86  warning 641: implicit conversion of enum 'DPPSignals' to 
    integral type 'int'
C:\qp_lab\qpc\examples\arm-cm\dpp_ek-tm4c123gxl\philo.c  114  note 9034: cannot assign 'enum (DPPSignals)' to different 
    essential type 'signed32' [MISRA 2012 Rule 10.3, required]
C:\qp_lab\qpc\examples\arm-cm\dpp_ek-tm4c123gxl\philo.c  114  warning 641: implicit conversion of enum 'DPPSignals' to 
    integral type 'int'
C:\qp_lab\qpc\examples\arm-cm\dpp_ek-tm4c123gxl\philo.c  115  note 9034: cannot assign 'enum (DPPSignals)' to different 
    essential type 'signed32' [MISRA 2012 Rule 10.3, required]
C:\qp_lab\qpc\examples\arm-cm\dpp_ek-tm4c123gxl\philo.c  115  warning 641: implicit conversion of enum 'DPPSignals' to 
    integral type 'int'
C:\qp_lab\qpc\examples\arm-cm\dpp_ek-tm4c123gxl\philo.c  143  note 9033: cannot cast 'signed32' to different essential 
    type 'unsigned8' [MISRA 2012 Rule 10.8, required]
C:\qp_lab\qpc\examples\arm-cm\dpp_ek-tm4c123gxl\philo.c  55  supplemental 893: expanded from macro 'PHILO_ID'
C:\qp_lab\qpc\examples\arm-cm\dpp_ek-tm4c123gxl\philo.c  143  note 947: pointer subtraction 
    [MISRA 2012 Rule 18.2, required]
C:\qp_lab\qpc\examples\arm-cm\dpp_ek-tm4c123gxl\philo.c  55  supplemental 893: expanded from macro 'PHILO_ID'
C:\qp_lab\qpc\examples\arm-cm\dpp_ek-tm4c123gxl\philo.c  160  warning 641: implicit conversion of enum 'DPPSignals' to 
    integral type 'int'
C:\qp_lab\qpc\examples\arm-cm\dpp_ek-tm4c123gxl\philo.c  161  note 9033: cannot cast 'signed32' to different essential 
    type 'unsigned8' [MISRA 2012 Rule 10.8, required]
C:\qp_lab\qpc\examples\arm-cm\dpp_ek-tm4c123gxl\philo.c  55  supplemental 893: expanded from macro 'PHILO_ID'
C:\qp_lab\qpc\examples\arm-cm\dpp_ek-tm4c123gxl\philo.c  161  note 947: pointer subtraction 
    [MISRA 2012 Rule 18.2, required]
C:\qp_lab\qpc\examples\arm-cm\dpp_ek-tm4c123gxl\philo.c  55  supplemental 893: expanded from macro 'PHILO_ID'
C:\qp_lab\qpc\examples\arm-cm\dpp_ek-tm4c123gxl\philo.c  169  note 9033: cannot cast 'signed32' to different essential 
    type 'unsigned8' [MISRA 2012 Rule 10.8, required]
C:\qp_lab\qpc\examples\arm-cm\dpp_ek-tm4c123gxl\philo.c  55  supplemental 893: expanded from macro 'PHILO_ID'
C:\qp_lab\qpc\examples\arm-cm\dpp_ek-tm4c123gxl\philo.c  169  note 947: pointer subtraction 
    [MISRA 2012 Rule 18.2, required]
C:\qp_lab\qpc\examples\arm-cm\dpp_ek-tm4c123gxl\philo.c  55  supplemental 893: expanded from macro 'PHILO_ID'
C:\qp_lab\qpc\examples\arm-cm\dpp_ek-tm4c123gxl\philo.c  180  note 9033: cannot cast 'signed32' to different essential 
    type 'unsigned8' [MISRA 2012 Rule 10.8, required]
C:\qp_lab\qpc\examples\arm-cm\dpp_ek-tm4c123gxl\philo.c  55  supplemental 893: expanded from macro 'PHILO_ID'
C:\qp_lab\qpc\examples\arm-cm\dpp_ek-tm4c123gxl\philo.c  180  note 947: pointer subtraction 
    [MISRA 2012 Rule 18.2, required]
C:\qp_lab\qpc\examples\arm-cm\dpp_ek-tm4c123gxl\philo.c  55  supplemental 893: expanded from macro 'PHILO_ID'
C:\qp_lab\qpc\examples\arm-cm\dpp_ek-tm4c123gxl\philo.c  197  note 9034: cannot assign 'unsigned32' to narrower 
    essential type 'unsigned16' [MISRA 2012 Rule 10.3, required]
C:\qp_lab\qpc\examples\arm-cm\dpp_ek-tm4c123gxl\philo.c  52  supplemental 893: expanded from macro 'EAT_TIME'
C:\qp_lab\qpc\examples\arm-cm\dpp_ek-tm4c123gxl\philo.c  203  warning 641: implicit conversion of enum 'DPPSignals' to 
    integral type 'int'
C:\qp_lab\qpc\examples\arm-cm\dpp_ek-tm4c123gxl\philo.c  204  note 9033: cannot cast 'signed32' to different essential 
    type 'unsigned8' [MISRA 2012 Rule 10.8, required]
C:\qp_lab\qpc\examples\arm-cm\dpp_ek-tm4c123gxl\philo.c  55  supplemental 893: expanded from macro 'PHILO_ID'
C:\qp_lab\qpc\examples\arm-cm\dpp_ek-tm4c123gxl\philo.c  204  note 947: pointer subtraction 
    [MISRA 2012 Rule 18.2, required]
C:\qp_lab\qpc\examples\arm-cm\dpp_ek-tm4c123gxl\philo.c  55  supplemental 893: expanded from macro 'PHILO_ID'
C:\qp_lab\qpc\examples\arm-cm\dpp_ek-tm4c123gxl\philo.c  219  note 9033: cannot cast 'signed32' to different essential 
    type 'unsigned8' [MISRA 2012 Rule 10.8, required]
C:\qp_lab\qpc\examples\arm-cm\dpp_ek-tm4c123gxl\philo.c  55  supplemental 893: expanded from macro 'PHILO_ID'
C:\qp_lab\qpc\examples\arm-cm\dpp_ek-tm4c123gxl\philo.c  219  note 947: pointer subtraction 
    [MISRA 2012 Rule 18.2, required]
C:\qp_lab\qpc\examples\arm-cm\dpp_ek-tm4c123gxl\philo.c  55  supplemental 893: expanded from macro 'PHILO_ID'
--- Module Wrap-up

--- Module:   C:\qp_lab\qpc\examples\arm-cm\dpp_ek-tm4c123gxl\table.c (C)
C:\qp_lab\qpc\examples\arm-cm\dpp_ek-tm4c123gxl\table.c  44  note 9026: function-like macro, 'RIGHT', defined 
    [MISRA 2012 Directive 4.9, advisory]
C:\qp_lab\qpc\examples\arm-cm\dpp_ek-tm4c123gxl\table.c  45  note 9026: function-like macro, 'LEFT', defined 
    [MISRA 2012 Directive 4.9, advisory]
C:\qp_lab\qpc\examples\arm-cm\dpp_ek-tm4c123gxl\table.c  98  note 9034: cannot assign 'enum (DPPSignals)' to different 
    essential type 'signed32' [MISRA 2012 Rule 10.3, required]
C:\qp_lab\qpc\examples\arm-cm\dpp_ek-tm4c123gxl\table.c  98  warning 641: implicit conversion of enum 'DPPSignals' to 
    integral type 'int'
C:\qp_lab\qpc\examples\arm-cm\dpp_ek-tm4c123gxl\table.c  99  note 9034: cannot assign 'enum (DPPSignals)' to different 
    essential type 'signed32' [MISRA 2012 Rule 10.3, required]
C:\qp_lab\qpc\examples\arm-cm\dpp_ek-tm4c123gxl\table.c  99  warning 641: implicit conversion of enum 'DPPSignals' to 
    integral type 'int'
C:\qp_lab\qpc\examples\arm-cm\dpp_ek-tm4c123gxl\table.c  100  note 9034: cannot assign 'enum (DPPSignals)' to different 
    essential type 'signed32' [MISRA 2012 Rule 10.3, required]
C:\qp_lab\qpc\examples\arm-cm\dpp_ek-tm4c123gxl\table.c  100  warning 641: implicit conversion of enum 'DPPSignals' to 
    integral type 'int'
C:\qp_lab\qpc\examples\arm-cm\dpp_ek-tm4c123gxl\table.c  101  note 9034: cannot assign 'enum (DPPSignals)' to different 
    essential type 'signed32' [MISRA 2012 Rule 10.3, required]
C:\qp_lab\qpc\examples\arm-cm\dpp_ek-tm4c123gxl\table.c  101  warning 641: implicit conversion of enum 'DPPSignals' to 
    integral type 'int'
C:\qp_lab\qpc\examples\arm-cm\dpp_ek-tm4c123gxl\table.c  122  warning 527: statement is unreachable due to unconditional 
    transfer of control by 'non-returning call expression' statement [MISRA 2012 Rule 2.1, required]
C:\qp_lab\qpc\examples\arm-cm\dpp_ek-tm4c123gxl\table.c  148  warning 641: implicit conversion of enum 'DPPSignals' to 
    integral type 'int'
C:\qp_lab\qpc\examples\arm-cm\dpp_ek-tm4c123gxl\table.c  173  warning 641: implicit conversion of enum 'DPPSignals' to 
    integral type 'int'
C:\qp_lab\qpc\examples\arm-cm\dpp_ek-tm4c123gxl\table.c  208  warning 641: implicit conversion of enum 'DPPSignals' to 
    integral type 'int'
C:\qp_lab\qpc\examples\arm-cm\dpp_ek-tm4c123gxl\table.c  219  warning 641: implicit conversion of enum 'DPPSignals' to 
    integral type 'int'
--- Module Wrap-up
Count   Type    Number  Text

1       warning 527     statement is unreachable due to unconditional transfer of control by '__string__' statement
13      warning 641     implicit conversion of enum __symbol__ to integral type __type__
13      supplemental    893     expanded from macro
6       note    947     pointer subtraction
5       note    9026    function-like macro, '__macro__', defined
6       note    9033    cannot cast '__essential-type__' to __wider/different__ essential type '__essential-type__'
8       note    9034    cannot assign '__essential-type__' to __narrow/different__ essential type '__essential-type__'
